<?xml version="1.0" encoding="UTF-8" ?>
<testsuite tests="2" failures="0" name="br.com.maratona.dev.resource.test.InscricaoHelperTest" time="0.012" errors="0" skipped="0">
  <properties>
    <property name="java.runtime.name" value="OpenJDK Runtime Environment"/>
    <property name="sun.boot.library.path" value="C:\Program Files\OpenJDK\jdk8u265-b01\jre\bin"/>
    <property name="java.vm.version" value="25.265-b01"/>
    <property name="java.vm.vendor" value="AdoptOpenJDK"/>
    <property name="maven.multiModuleProjectDirectory" value="C:\Users\frede\eclipse-workspace\maratonaDev"/>
    <property name="java.vendor.url" value="http://java.oracle.com/"/>
    <property name="path.separator" value=";"/>
    <property name="guice.disable.misplaced.annotation.check" value="true"/>
    <property name="java.vm.name" value="OpenJDK 64-Bit Server VM"/>
    <property name="file.encoding.pkg" value="sun.io"/>
    <property name="user.script" value=""/>
    <property name="user.country" value="BR"/>
    <property name="sun.java.launcher" value="SUN_STANDARD"/>
    <property name="sun.os.patch.level" value=""/>
    <property name="java.vm.specification.name" value="Java Virtual Machine Specification"/>
    <property name="user.dir" value="C:\Users\frede\eclipse-workspace\maratonaDev"/>
    <property name="java.runtime.version" value="1.8.0_265-b01"/>
    <property name="java.awt.graphicsenv" value="sun.awt.Win32GraphicsEnvironment"/>
    <property name="java.endorsed.dirs" value="C:\Program Files\OpenJDK\jdk8u265-b01\jre\lib\endorsed"/>
    <property name="os.arch" value="amd64"/>
    <property name="java.io.tmpdir" value="C:\Users\frede\AppData\Local\Temp\"/>
    <property name="line.separator" value="
"/>
    <property name="java.vm.specification.vendor" value="Oracle Corporation"/>
    <property name="user.variant" value=""/>
    <property name="os.name" value="Windows 10"/>
    <property name="classworlds.conf" value="C:\Users\frede\eclipse-workspace\.metadata\.plugins\org.eclipse.m2e.launching\launches\m2conf15524188641331762102.tmp"/>
    <property name="sun.jnu.encoding" value="Cp1252"/>
    <property name="java.library.path" value="C:\Program Files\OpenJDK\jdk8u265-b01\bin;C:\WINDOWS\Sun\Java\bin;C:\WINDOWS\system32;C:\WINDOWS;C:\Program Files\OpenJDK\jdk8u265-b01\jre\bin;C:/Program Files/Amazon Corretto/jdk11.0.8_10/bin/server;C:/Program Files/Amazon Corretto/jdk11.0.8_10/bin;C:\Program Files\Amazon Corretto\jdk11.0.8_10\bin;C:\Program Files (x86)\Common Files\Intel\Shared Libraries\redist\intel64\compiler;C:\Windows\system32;C:\Windows;C:\Windows\System32\Wbem;C:\Windows\System32\WindowsPowerShell\v1.0\;C:\Windows\System32\OpenSSH\;C:\Program Files (x86)\NVIDIA Corporation\PhysX\Common;C:\Program Files\NVIDIA Corporation\NVIDIA NvDLISR;C:\Program Files (x86)\QuickTime\QTSystem\;C:\WINDOWS\system32;C:\WINDOWS;C:\WINDOWS\System32\Wbem;C:\WINDOWS\System32\WindowsPowerShell\v1.0\;C:\WINDOWS\System32\OpenSSH\;C:\Program Files\nodejs\;C:\Program Files\Docker\Docker\resources\bin;C:\ProgramData\DockerDesktop\version-bin;C:\Program Files\Git\cmd;C:\Users\frede\AppData\Local\Microsoft\WindowsApps;C:\Users\frede\AppData\Local\Programs\Microsoft VS Code\bin;C:\Users\frede\AppData\Local\GitHubDesktop\bin;C:\Users\frede\AppData\Local\Microsoft\WindowsApps;C:\Users\frede\AppData\Roaming\npm;C:\Program Files\eclipse;;."/>
    <property name="java.specification.name" value="Java Platform API Specification"/>
    <property name="java.class.version" value="52.0"/>
    <property name="sun.management.compiler" value="HotSpot 64-Bit Tiered Compilers"/>
    <property name="os.version" value="10.0"/>
    <property name="user.home" value="C:\Users\frede"/>
    <property name="user.timezone" value="America/Sao_Paulo"/>
    <property name="java.awt.printerjob" value="sun.awt.windows.WPrinterJob"/>
    <property name="java.specification.version" value="1.8"/>
    <property name="file.encoding" value="Cp1252"/>
    <property name="user.name" value="frede"/>
    <property name="java.class.path" value="C:\Program Files\eclipse\plugins\org.eclipse.m2e.maven.runtime_1.15.0.20200310-1832\jars\plexus-classworlds-2.6.0.jar;C:\Users\frede\.eclipse\org.eclipse.platform_4.15.0_1709980481_win32_win32_x86_64\configuration\org.eclipse.osgi\411\0\.cp\lib\javaagent-shaded.jar"/>
    <property name="java.vm.specification.version" value="1.8"/>
    <property name="sun.arch.data.model" value="64"/>
    <property name="java.home" value="C:\Program Files\OpenJDK\jdk8u265-b01\jre"/>
    <property name="sun.java.command" value="org.codehaus.plexus.classworlds.launcher.Launcher -B clean install"/>
    <property name="java.specification.vendor" value="Oracle Corporation"/>
    <property name="user.language" value="pt"/>
    <property name="awt.toolkit" value="sun.awt.windows.WToolkit"/>
    <property name="java.vm.info" value="mixed mode"/>
    <property name="java.version" value="1.8.0_265"/>
    <property name="java.ext.dirs" value="C:\Program Files\OpenJDK\jdk8u265-b01\jre\lib\ext;C:\WINDOWS\Sun\Java\lib\ext"/>
    <property name="sun.boot.class.path" value="C:\Program Files\OpenJDK\jdk8u265-b01\jre\lib\resources.jar;C:\Program Files\OpenJDK\jdk8u265-b01\jre\lib\rt.jar;C:\Program Files\OpenJDK\jdk8u265-b01\jre\lib\sunrsasign.jar;C:\Program Files\OpenJDK\jdk8u265-b01\jre\lib\jsse.jar;C:\Program Files\OpenJDK\jdk8u265-b01\jre\lib\jce.jar;C:\Program Files\OpenJDK\jdk8u265-b01\jre\lib\charsets.jar;C:\Program Files\OpenJDK\jdk8u265-b01\jre\lib\jfr.jar;C:\Program Files\OpenJDK\jdk8u265-b01\jre\classes"/>
    <property name="java.vendor" value="AdoptOpenJDK"/>
    <property name="maven.home" value="C:\Users\frede\eclipse-workspace\maratonaDev\EMBEDDED"/>
    <property name="file.separator" value="\"/>
    <property name="java.vendor.url.bug" value="http://bugreport.sun.com/bugreport/"/>
    <property name="sun.cpu.endian" value="little"/>
    <property name="sun.io.unicode.encoding" value="UnicodeLittle"/>
    <property name="sun.desktop" value="windows"/>
    <property name="sun.cpu.isalist" value="amd64"/>
  </properties>
  <testcase classname="br.com.maratona.dev.resource.test.InscricaoHelperTest" name="findPessoa" time="0.012"/>
  <testcase classname="br.com.maratona.dev.resource.test.InscricaoHelperTest" name="findPessoa1" time="0"/>
</testsuite>